SF:lib/game.dart
DA:8,1
LF:1
LH:1
end_of_record
SF:lib/game_creator.dart
DA:4,1
DA:5,1
DA:6,1
DA:7,1
DA:8,1
DA:9,1
DA:11,1
DA:14,2
DA:15,4
DA:16,2
DA:18,2
DA:20,2
DA:22,2
DA:24,2
DA:26,0
DA:28,0
DA:30,0
DA:32,0
DA:34,0
DA:36,0
DA:38,0
DA:44,2
DA:45,2
DA:46,2
DA:52,2
DA:53,2
DA:54,4
DA:55,2
DA:56,10
DA:62,1
DA:63,1
DA:66,1
LF:32
LH:25
end_of_record
SF:lib/list_creator.dart
DA:8,1
DA:9,1
DA:10,2
DA:11,2
DA:12,3
DA:13,1
DA:18,0
DA:19,0
DA:21,0
DA:22,0
DA:23,0
DA:25,0
DA:26,0
DA:27,0
DA:28,0
LF:15
LH:6
end_of_record
SF:lib/json_decoder.dart
DA:5,0
DA:6,0
DA:7,0
DA:8,0
LF:4
LH:0
end_of_record
SF:lib/url_creator.dart
DA:6,0
DA:7,0
DA:8,0
DA:10,0
DA:11,0
DA:13,0
DA:14,0
DA:16,0
DA:19,0
DA:20,0
DA:22,0
DA:23,0
LF:12
LH:0
end_of_record
