SF:lib/game.dart
DA:8,1
LF:1
LH:1
end_of_record
SF:lib/game_creator.dart
DA:4,1
DA:5,1
DA:6,1
DA:8,1
DA:9,1
DA:11,2
DA:13,1
DA:17,1
DA:19,1
LF:9
LH:9
end_of_record
SF:lib/list_creator.dart
DA:8,1
DA:9,1
DA:10,2
DA:11,2
DA:12,3
DA:13,1
DA:18,0
DA:19,0
DA:21,0
DA:22,0
DA:23,0
DA:25,0
DA:26,0
DA:27,0
DA:28,0
LF:15
LH:6
end_of_record
SF:lib/json_parser.dart
DA:5,0
DA:6,0
DA:7,0
DA:8,0
LF:4
LH:0
end_of_record
SF:lib/url_creator.dart
DA:2,0
DA:3,0
DA:4,0
DA:6,0
DA:7,0
DA:9,0
DA:10,0
DA:12,0
DA:15,0
DA:16,0
DA:18,0
DA:19,0
LF:12
LH:0
end_of_record
